#
# A fatal error has been detected by the Java Runtime Environment:
#
#  EXCEPTION_ACCESS_VIOLATION (0xc0000005) at pc=0x00007ffa42fde4f4, pid=7016, tid=11704
#
# JRE version: OpenJDK Runtime Environment AdoptOpenJDK (14.0.2+12) (build 14.0.2+12)
# Java VM: OpenJDK 64-Bit Server VM AdoptOpenJDK (14.0.2+12, mixed mode, sharing, tiered, compressed oops, g1 gc, windows-amd64)
# Problematic frame:
# C  [atio6axx.dll+0x92e4f4]
#
# No core dump will be written. Minidumps are not enabled by default on client versions of Windows
#
# If you would like to submit a bug report, please visit:
#   https://github.com/AdoptOpenJDK/openjdk-support/issues
# The crash happened outside the Java Virtual Machine in native code.
# See problematic frame for where to report the bug.
#

---------------  S U M M A R Y ------------

Command Line: -Dfile.encoding=windows-1250 -Duser.country=CZ -Duser.language=cs -Duser.variant educanet.Main

Host: AMD Ryzen 5 3600 6-Core Processor              , 12 cores, 15G,  Windows 10 , 64 bit Build 19041 (10.0.19041.928)
Time: Thu May  6 19:02:10 2021 Støední Evropa (letní èas) elapsed time: 11 seconds (0d 0h 0m 11s)

---------------  T H R E A D  ---------------

Current thread (0x000001f68b939000):  JavaThread "main" [_thread_in_native, id=11704, stack(0x000000b1f5e00000,0x000000b1f5f00000)]

Stack: [0x000000b1f5e00000,0x000000b1f5f00000],  sp=0x000000b1f5eff010,  free space=1020k
Native frames: (J=compiled Java code, j=interpreted, Vv=VM code, C=native code)
C  [atio6axx.dll+0x92e4f4]

Java frames: (J=compiled Java code, j=interpreted, Vv=VM code)
J 902  org.lwjgl.system.JNI.invokeV(J)V (0 bytes) @ 0x000001f69bed7471 [0x000001f69bed7420+0x0000000000000051]
J 972% c1 educanet.Main.main([Ljava/lang/String;)V (140 bytes) @ 0x000001f694af8bdc [0x000001f694af77a0+0x000000000000143c]
v  ~StubRoutines::call_stub

siginfo: EXCEPTION_ACCESS_VIOLATION (0xc0000005), reading address 0x0000000000000019


Register to memory mapping:

RIP=0x00007ffa42fde4f4 atio6axx.dll
RAX=0x00007ffa44e71ff8 atio6axx.dll
RBX=0x0 is NULL
RCX=0x000001f6b4a94450 points into unknown readable memory: 04 00 00 00 f6 01 00 00
RDX=0x000001f689780000 points into unknown readable memory: 00 00 00 00 00 00 00 00
RSP=0x000000b1f5eff010 is pointing into the stack for thread: 0x000001f68b939000
RBP=0x0 is NULL
RSI=0x0000000000000001 is an unknown value
RDI=0x000001f6b4fbddb0 points into unknown readable memory: 50 44 a9 b4 f6 01 00 00
R8 =0x000001f689884b00 points into unknown readable memory: f0 0c 88 89 f6 01 00 00
R9 =0x0000000000000001 is an unknown value
R10=0x0000000000008000 is an unknown value
R11=0x000000b1f5efefd0 is pointing into the stack for thread: 0x000001f68b939000
R12=0x0 is NULL
R13=0x0 is NULL
R14=0x0 is NULL
R15=0x0 is NULL


Registers:
RAX=0x00007ffa44e71ff8, RBX=0x0000000000000000, RCX=0x000001f6b4a94450, RDX=0x000001f689780000
RSP=0x000000b1f5eff010, RBP=0x0000000000000000, RSI=0x0000000000000001, RDI=0x000001f6b4fbddb0
R8 =0x000001f689884b00, R9 =0x0000000000000001, R10=0x0000000000008000, R11=0x000000b1f5efefd0
R12=0x0000000000000000, R13=0x0000000000000000, R14=0x0000000000000000, R15=0x0000000000000000
RIP=0x00007ffa42fde4f4, EFLAGS=0x0000000000010202

Top of Stack: (sp=0x000000b1f5eff010)
0x000000b1f5eff010:   0000000000000000 0000000000000000
0x000000b1f5eff020:   0000000000000000 00007ffabb7747b1
0x000000b1f5eff030:   000001f6b4fbdb50 00007ffa43e32abf
0x000000b1f5eff040:   000001f6b4fbdb50 0000000000000001
0x000000b1f5eff050:   0000000000000000 00007ffa43a82657
0x000000b1f5eff060:   000001f6b4db4740 00007ffa43e40522
0x000000b1f5eff070:   0000000000000000 000001f600000000
0x000000b1f5eff080:   000001f6b42b20c0 000001f6b4a94590
0x000000b1f5eff090:   000001f6b4fbdb50 00007ffa43a309f7
0x000000b1f5eff0a0:   000001f6b4db4740 0000000000000000
0x000000b1f5eff0b0:   000001f6b4305cf0 000001f6b4305cf0
0x000000b1f5eff0c0:   000001f6b4305cf0 00007ffa43a819ae
0x000000b1f5eff0d0:   000001f6b07c7580 000001f6b42b20d0
0x000000b1f5eff0e0:   000001f6b4a730a0 000001f6b42b20c0
0x000000b1f5eff0f0:   000001f6b4305cf0 00007ffa43a83570
0x000000b1f5eff100:   000001f6b4305cf0 000001f6b42b20c0 

Instructions: (pc=0x00007ffa42fde4f4)
0x00007ffa42fde3f4:   1f 40 00 66 0f 1f 84 00 00 00 00 00 4c 8b d8 48
0x00007ffa42fde404:   8b d8 4c 8b c2 48 3b 08 75 16 48 8b c8 49 89 01
0x00007ffa42fde414:   48 8b 40 08 48 8b d1 4c 8b c1 80 78 19 00 74 dc
0x00007ffa42fde424:   48 8b 1c 24 41 80 78 19 00 75 31 49 89 01 49 8b
0x00007ffa42fde434:   c2 48 83 c4 08 c3 48 8b 41 10 80 78 19 00 75 19
0x00007ffa42fde444:   0f 1f 40 00 0f 1f 84 00 00 00 00 00 48 8b c8 48
0x00007ffa42fde454:   8b 40 10 80 78 19 00 74 f3 49 89 09 49 8b c2 48
0x00007ffa42fde464:   83 c4 08 c3 cc cc cc cc cc cc cc cc 48 83 ec 28
0x00007ffa42fde474:   4c 8b c9 48 8b c2 48 8b 4a 10 80 79 19 00 74 22
0x00007ffa42fde484:   4c 8b 42 08 41 80 78 19 00 75 2d 90 49 3b 40 10
0x00007ffa42fde494:   75 26 49 8b c0 4d 8b 40 08 41 80 78 19 00 74 ec
0x00007ffa42fde4a4:   eb 16 48 8b 09 80 79 19 00 75 0d 90 48 8b 01 48
0x00007ffa42fde4b4:   8b c8 80 78 19 00 74 f4 49 8b c9 e8 fc f6 7d ff
0x00007ffa42fde4c4:   ba 30 00 00 00 48 8b c8 48 83 c4 28 e9 1f f1 22
0x00007ffa42fde4d4:   01 cc cc cc cc cc cc cc cc cc cc cc 48 89 5c 24
0x00007ffa42fde4e4:   08 57 48 83 ec 20 48 8b f9 48 8b 09 48 8b 59 08
0x00007ffa42fde4f4:   80 7b 19 00 75 2e 66 0f 1f 44 00 00 4c 8b 43 10
0x00007ffa42fde504:   48 8b d7 48 8b cf e8 51 eb f3 ff 48 8b cb ba 30
0x00007ffa42fde514:   00 00 00 48 8b 1b e8 d5 f0 22 01 80 7b 19 00 74
0x00007ffa42fde524:   db 48 8b 0f ba 30 00 00 00 48 8b 5c 24 30 48 83
0x00007ffa42fde534:   c4 20 5f e9 b8 f0 22 01 cc cc cc cc 48 89 5c 24
0x00007ffa42fde544:   10 57 48 83 ec 20 48 8b f9 48 8b 4a 08 48 85 c9
0x00007ffa42fde554:   74 08 f0 ff 41 08 48 8b 4a 08 48 8b 5f 08 48 8b
0x00007ffa42fde564:   02 48 89 07 48 89 4f 08 48 85 db 74 44 48 89 74
0x00007ffa42fde574:   24 30 be ff ff ff ff 8b c6 f0 0f c1 43 08 83 f8
0x00007ffa42fde584:   01 75 1b 48 8b 03 48 8b cb ff 10 f0 0f c1 73 0c
0x00007ffa42fde594:   83 fe 01 75 09 48 8b 03 48 8b cb ff 50 08 48 8b
0x00007ffa42fde5a4:   74 24 30 48 8b c7 48 8b 5c 24 38 48 83 c4 20 5f
0x00007ffa42fde5b4:   c3 48 8b 5c 24 38 48 8b c7 48 83 c4 20 5f c3 cc
0x00007ffa42fde5c4:   cc cc cc cc cc cc cc cc cc cc cc cc 40 53 48 83
0x00007ffa42fde5d4:   ec 20 48 8b da 4c 8b c1 0f b6 52 10 48 b9 b3 01
0x00007ffa42fde5e4:   00 00 00 01 00 00 48 b8 25 23 22 84 e4 9c f2 cb 


Stack slot to memory mapping:
stack at sp + 0 slots: 0x0 is NULL
stack at sp + 1 slots: 0x0 is NULL
stack at sp + 2 slots: 0x0 is NULL
stack at sp + 3 slots: 0x00007ffabb7747b1 ntdll.dll
stack at sp + 4 slots: 0x000001f6b4fbdb50 points into unknown readable memory: f8 1f e7 44 fa 7f 00 00
stack at sp + 5 slots: 0x00007ffa43e32abf atio6axx.dll
stack at sp + 6 slots: 0x000001f6b4fbdb50 points into unknown readable memory: f8 1f e7 44 fa 7f 00 00
stack at sp + 7 slots: 0x0000000000000001 is an unknown value


---------------  P R O C E S S  ---------------

Threads class SMR info:
_java_thread_list=0x000001f6b4dc04e0, length=11, elements={
0x000001f68b939000, 0x000001f6b06ea800, 0x000001f6b06ec000, 0x000001f6b0702000,
0x000001f6b0703800, 0x000001f6b0708800, 0x000001f6b070a800, 0x000001f6b070d800,
0x000001f6b071c000, 0x000001f6b0855000, 0x000001f6b086f000
}

Java Threads: ( => current thread )
=>0x000001f68b939000 JavaThread "main" [_thread_in_native, id=11704, stack(0x000000b1f5e00000,0x000000b1f5f00000)]
  0x000001f6b06ea800 JavaThread "Reference Handler" daemon [_thread_blocked, id=4608, stack(0x000000b1f6500000,0x000000b1f6600000)]
  0x000001f6b06ec000 JavaThread "Finalizer" daemon [_thread_blocked, id=2540, stack(0x000000b1f6600000,0x000000b1f6700000)]
  0x000001f6b0702000 JavaThread "Signal Dispatcher" daemon [_thread_blocked, id=11220, stack(0x000000b1f6700000,0x000000b1f6800000)]
  0x000001f6b0703800 JavaThread "Attach Listener" daemon [_thread_blocked, id=11908, stack(0x000000b1f6800000,0x000000b1f6900000)]
  0x000001f6b0708800 JavaThread "Service Thread" daemon [_thread_blocked, id=17868, stack(0x000000b1f6900000,0x000000b1f6a00000)]
  0x000001f6b070a800 JavaThread "C2 CompilerThread0" daemon [_thread_blocked, id=2116, stack(0x000000b1f6a00000,0x000000b1f6b00000)]
  0x000001f6b070d800 JavaThread "C1 CompilerThread0" daemon [_thread_blocked, id=7824, stack(0x000000b1f6b00000,0x000000b1f6c00000)]
  0x000001f6b071c000 JavaThread "Sweeper thread" daemon [_thread_blocked, id=4208, stack(0x000000b1f6c00000,0x000000b1f6d00000)]
  0x000001f6b0855000 JavaThread "Notification Thread" daemon [_thread_blocked, id=18488, stack(0x000000b1f6d00000,0x000000b1f6e00000)]
  0x000001f6b086f000 JavaThread "Common-Cleaner" daemon [_thread_blocked, id=8728, stack(0x000000b1f6f00000,0x000000b1f7000000)]

Other Threads:
  0x000001f6b06e2000 VMThread "VM Thread" [stack: 0x000000b1f6400000,0x000000b1f6500000] [id=15288]
  0x000001f6b0857000 WatcherThread [stack: 0x000000b1f6e00000,0x000000b1f6f00000] [id=2324]
  0x000001f68b9a3800 GCTaskThread "GC Thread#0" [stack: 0x000000b1f5f00000,0x000000b1f6000000] [id=1932]
  0x000001f6b4e07000 GCTaskThread "GC Thread#1" [stack: 0x000000b1f7300000,0x000000b1f7400000] [id=14852]
  0x000001f6b4ddf000 GCTaskThread "GC Thread#2" [stack: 0x000000b1f7400000,0x000000b1f7500000] [id=13964]
  0x000001f6b49c1000 GCTaskThread "GC Thread#3" [stack: 0x000000b1f7500000,0x000000b1f7600000] [id=5932]
  0x000001f6b9c10800 GCTaskThread "GC Thread#4" [stack: 0x000000b1f7600000,0x000000b1f7700000] [id=14040]
  0x000001f6b4d73000 GCTaskThread "GC Thread#5" [stack: 0x000000b1f7700000,0x000000b1f7800000] [id=10392]
  0x000001f68b9c6000 ConcurrentGCThread "G1 Main Marker" [stack: 0x000000b1f6000000,0x000000b1f6100000] [id=12728]
  0x000001f68b9c7800 ConcurrentGCThread "G1 Conc#0" [stack: 0x000000b1f6100000,0x000000b1f6200000] [id=13200]
  0x000001f6af7ea800 ConcurrentGCThread "G1 Refine#0" [stack: 0x000000b1f6200000,0x000000b1f6300000] [id=17372]
  0x000001f6af7eb800 ConcurrentGCThread "G1 Young RemSet Sampling" [stack: 0x000000b1f6300000,0x000000b1f6400000] [id=5220]

Threads with active compile tasks:

VM state:not at safepoint (normal execution)

VM Mutex/Monitor currently owned by a thread: None

Heap address: 0x0000000701000000, size: 4080 MB, Compressed Oops mode: Zero based, Oop shift amount: 3
Narrow klass base: 0x0000000800000000, Narrow klass shift: 3
Compressed class space size: 1073741824 Address: 0x0000000800b30000

Heap:
 garbage-first heap   total 262144K, used 11290K [0x0000000701000000, 0x0000000800000000)
  region size 1024K, 13 young (13312K), 3 survivors (3072K)
 Metaspace       used 7267K, capacity 10082K, committed 10496K, reserved 1058816K
  class space    used 352K, capacity 642K, committed 768K, reserved 1048576K
Heap Regions: E=young(eden), S=young(survivor), O=old, HS=humongous(starts), HC=humongous(continues), CS=collection set, F=free, OA=open archive, CA=closed archive, TAMS=top-at-mark-start (previous, next)
|   0|0x0000000701000000, 0x0000000701000000, 0x0000000701100000|  0%| F|  |TAMS 0x0000000701000000, 0x0000000701000000| Untracked 
|   1|0x0000000701100000, 0x0000000701100000, 0x0000000701200000|  0%| F|  |TAMS 0x0000000701100000, 0x0000000701100000| Untracked 
|   2|0x0000000701200000, 0x0000000701200000, 0x0000000701300000|  0%| F|  |TAMS 0x0000000701200000, 0x0000000701200000| Untracked 
|   3|0x0000000701300000, 0x0000000701300000, 0x0000000701400000|  0%| F|  |TAMS 0x0000000701300000, 0x0000000701300000| Untracked 
|   4|0x0000000701400000, 0x0000000701400000, 0x0000000701500000|  0%| F|  |TAMS 0x0000000701400000, 0x0000000701400000| Untracked 
|   5|0x0000000701500000, 0x0000000701500000, 0x0000000701600000|  0%| F|  |TAMS 0x0000000701500000, 0x0000000701500000| Untracked 
|   6|0x0000000701600000, 0x0000000701600000, 0x0000000701700000|  0%| F|  |TAMS 0x0000000701600000, 0x0000000701600000| Untracked 
|   7|0x0000000701700000, 0x0000000701700000, 0x0000000701800000|  0%| F|  |TAMS 0x0000000701700000, 0x0000000701700000| Untracked 
|   8|0x0000000701800000, 0x0000000701800000, 0x0000000701900000|  0%| F|  |TAMS 0x0000000701800000, 0x0000000701800000| Untracked 
|   9|0x0000000701900000, 0x0000000701900000, 0x0000000701a00000|  0%| F|  |TAMS 0x0000000701900000, 0x0000000701900000| Untracked 
|  10|0x0000000701a00000, 0x0000000701a00000, 0x0000000701b00000|  0%| F|  |TAMS 0x0000000701a00000, 0x0000000701a00000| Untracked 
|  11|0x0000000701b00000, 0x0000000701b00000, 0x0000000701c00000|  0%| F|  |TAMS 0x0000000701b00000, 0x0000000701b00000| Untracked 
|  12|0x0000000701c00000, 0x0000000701c00000, 0x0000000701d00000|  0%| F|  |TAMS 0x0000000701c00000, 0x0000000701c00000| Untracked 
|  13|0x0000000701d00000, 0x0000000701d00000, 0x0000000701e00000|  0%| F|  |TAMS 0x0000000701d00000, 0x0000000701d00000| Untracked 
|  14|0x0000000701e00000, 0x0000000701e00000, 0x0000000701f00000|  0%| F|  |TAMS 0x0000000701e00000, 0x0000000701e00000| Untracked 
|  15|0x0000000701f00000, 0x0000000701f00000, 0x0000000702000000|  0%| F|  |TAMS 0x0000000701f00000, 0x0000000701f00000| Untracked 
|  16|0x0000000702000000, 0x0000000702000000, 0x0000000702100000|  0%| F|  |TAMS 0x0000000702000000, 0x0000000702000000| Untracked 
|  17|0x0000000702100000, 0x0000000702100000, 0x0000000702200000|  0%| F|  |TAMS 0x0000000702100000, 0x0000000702100000| Untracked 
|  18|0x0000000702200000, 0x0000000702200000, 0x0000000702300000|  0%| F|  |TAMS 0x0000000702200000, 0x0000000702200000| Untracked 
|  19|0x0000000702300000, 0x0000000702300000, 0x0000000702400000|  0%| F|  |TAMS 0x0000000702300000, 0x0000000702300000| Untracked 
|  20|0x0000000702400000, 0x0000000702400000, 0x0000000702500000|  0%| F|  |TAMS 0x0000000702400000, 0x0000000702400000| Untracked 
|  21|0x0000000702500000, 0x0000000702500000, 0x0000000702600000|  0%| F|  |TAMS 0x0000000702500000, 0x0000000702500000| Untracked 
|  22|0x0000000702600000, 0x0000000702600000, 0x0000000702700000|  0%| F|  |TAMS 0x0000000702600000, 0x0000000702600000| Untracked 
|  23|0x0000000702700000, 0x0000000702700000, 0x0000000702800000|  0%| F|  |TAMS 0x0000000702700000, 0x0000000702700000| Untracked 
|  24|0x0000000702800000, 0x0000000702800000, 0x0000000702900000|  0%| F|  |TAMS 0x0000000702800000, 0x0000000702800000| Untracked 
|  25|0x0000000702900000, 0x0000000702900000, 0x0000000702a00000|  0%| F|  |TAMS 0x0000000702900000, 0x0000000702900000| Untracked 
|  26|0x0000000702a00000, 0x0000000702a00000, 0x0000000702b00000|  0%| F|  |TAMS 0x0000000702a00000, 0x0000000702a00000| Untracked 
|  27|0x0000000702b00000, 0x0000000702b00000, 0x0000000702c00000|  0%| F|  |TAMS 0x0000000702b00000, 0x0000000702b00000| Untracked 
|  28|0x0000000702c00000, 0x0000000702c00000, 0x0000000702d00000|  0%| F|  |TAMS 0x0000000702c00000, 0x0000000702c00000| Untracked 
|  29|0x0000000702d00000, 0x0000000702d00000, 0x0000000702e00000|  0%| F|  |TAMS 0x0000000702d00000, 0x0000000702d00000| Untracked 
|  30|0x0000000702e00000, 0x0000000702e00000, 0x0000000702f00000|  0%| F|  |TAMS 0x0000000702e00000, 0x0000000702e00000| Untracked 
|  31|0x0000000702f00000, 0x0000000702f00000, 0x0000000703000000|  0%| F|  |TAMS 0x0000000702f00000, 0x0000000702f00000| Untracked 
|  32|0x0000000703000000, 0x0000000703000000, 0x0000000703100000|  0%| F|  |TAMS 0x0000000703000000, 0x0000000703000000| Untracked 
|  33|0x0000000703100000, 0x0000000703100000, 0x0000000703200000|  0%| F|  |TAMS 0x0000000703100000, 0x0000000703100000| Untracked 
|  34|0x0000000703200000, 0x0000000703200000, 0x0000000703300000|  0%| F|  |TAMS 0x0000000703200000, 0x0000000703200000| Untracked 
|  35|0x0000000703300000, 0x0000000703300000, 0x0000000703400000|  0%| F|  |TAMS 0x0000000703300000, 0x0000000703300000| Untracked 
|  36|0x0000000703400000, 0x0000000703400000, 0x0000000703500000|  0%| F|  |TAMS 0x0000000703400000, 0x0000000703400000| Untracked 
|  37|0x0000000703500000, 0x0000000703500000, 0x0000000703600000|  0%| F|  |TAMS 0x0000000703500000, 0x0000000703500000| Untracked 
|  38|0x0000000703600000, 0x0000000703600000, 0x0000000703700000|  0%| F|  |TAMS 0x0000000703600000, 0x0000000703600000| Untracked 
|  39|0x0000000703700000, 0x0000000703700000, 0x0000000703800000|  0%| F|  |TAMS 0x0000000703700000, 0x0000000703700000| Untracked 
|  40|0x0000000703800000, 0x0000000703800000, 0x0000000703900000|  0%| F|  |TAMS 0x0000000703800000, 0x0000000703800000| Untracked 
|  41|0x0000000703900000, 0x0000000703900000, 0x0000000703a00000|  0%| F|  |TAMS 0x0000000703900000, 0x0000000703900000| Untracked 
|  42|0x0000000703a00000, 0x0000000703a00000, 0x0000000703b00000|  0%| F|  |TAMS 0x0000000703a00000, 0x0000000703a00000| Untracked 
|  43|0x0000000703b00000, 0x0000000703b00000, 0x0000000703c00000|  0%| F|  |TAMS 0x0000000703b00000, 0x0000000703b00000| Untracked 
|  44|0x0000000703c00000, 0x0000000703c00000, 0x0000000703d00000|  0%| F|  |TAMS 0x0000000703c00000, 0x0000000703c00000| Untracked 
|  45|0x0000000703d00000, 0x0000000703d00000, 0x0000000703e00000|  0%| F|  |TAMS 0x0000000703d00000, 0x0000000703d00000| Untracked 
|  46|0x0000000703e00000, 0x0000000703e00000, 0x0000000703f00000|  0%| F|  |TAMS 0x0000000703e00000, 0x0000000703e00000| Untracked 
|  47|0x0000000703f00000, 0x0000000703f00000, 0x0000000704000000|  0%| F|  |TAMS 0x0000000703f00000, 0x0000000703f00000| Untracked 
|  48|0x0000000704000000, 0x0000000704000000, 0x0000000704100000|  0%| F|  |TAMS 0x0000000704000000, 0x0000000704000000| Untracked 
|  49|0x0000000704100000, 0x0000000704100000, 0x0000000704200000|  0%| F|  |TAMS 0x0000000704100000, 0x0000000704100000| Untracked 
|  50|0x0000000704200000, 0x0000000704200000, 0x0000000704300000|  0%| F|  |TAMS 0x0000000704200000, 0x0000000704200000| Untracked 
|  51|0x0000000704300000, 0x0000000704300000, 0x0000000704400000|  0%| F|  |TAMS 0x0000000704300000, 0x0000000704300000| Untracked 
|  52|0x0000000704400000, 0x0000000704400000, 0x0000000704500000|  0%| F|  |TAMS 0x0000000704400000, 0x0000000704400000| Untracked 
|  53|0x0000000704500000, 0x0000000704500000, 0x0000000704600000|  0%| F|  |TAMS 0x0000000704500000, 0x0000000704500000| Untracked 
|  54|0x0000000704600000, 0x0000000704600000, 0x0000000704700000|  0%| F|  |TAMS 0x0000000704600000, 0x0000000704600000| Untracked 
|  55|0x0000000704700000, 0x0000000704700000, 0x0000000704800000|  0%| F|  |TAMS 0x0000000704700000, 0x0000000704700000| Untracked 
|  56|0x0000000704800000, 0x0000000704800000, 0x0000000704900000|  0%| F|  |TAMS 0x0000000704800000, 0x0000000704800000| Untracked 
|  57|0x0000000704900000, 0x0000000704900000, 0x0000000704a00000|  0%| F|  |TAMS 0x0000000704900000, 0x0000000704900000| Untracked 
|  58|0x0000000704a00000, 0x0000000704a00000, 0x0000000704b00000|  0%| F|  |TAMS 0x0000000704a00000, 0x0000000704a00000| Untracked 
|  59|0x0000000704b00000, 0x0000000704b00000, 0x0000000704c00000|  0%| F|  |TAMS 0x0000000704b00000, 0x0000000704b00000| Untracked 
|  60|0x0000000704c00000, 0x0000000704c00000, 0x0000000704d00000|  0%| F|  |TAMS 0x0000000704c00000, 0x0000000704c00000| Untracked 
|  61|0x0000000704d00000, 0x0000000704d00000, 0x0000000704e00000|  0%| F|  |TAMS 0x0000000704d00000, 0x0000000704d00000| Untracked 
|  62|0x0000000704e00000, 0x0000000704e00000, 0x0000000704f00000|  0%| F|  |TAMS 0x0000000704e00000, 0x0000000704e00000| Untracked 
|  63|0x0000000704f00000, 0x0000000704f00000, 0x0000000705000000|  0%| F|  |TAMS 0x0000000704f00000, 0x0000000704f00000| Untracked 
|  64|0x0000000705000000, 0x0000000705000000, 0x0000000705100000|  0%| F|  |TAMS 0x0000000705000000, 0x0000000705000000| Untracked 
|  65|0x0000000705100000, 0x0000000705100000, 0x0000000705200000|  0%| F|  |TAMS 0x0000000705100000, 0x0000000705100000| Untracked 
|  66|0x0000000705200000, 0x0000000705200000, 0x0000000705300000|  0%| F|  |TAMS 0x0000000705200000, 0x0000000705200000| Untracked 
|  67|0x0000000705300000, 0x0000000705300000, 0x0000000705400000|  0%| F|  |TAMS 0x0000000705300000, 0x0000000705300000| Untracked 
|  68|0x0000000705400000, 0x0000000705400000, 0x0000000705500000|  0%| F|  |TAMS 0x0000000705400000, 0x0000000705400000| Untracked 
|  69|0x0000000705500000, 0x0000000705500000, 0x0000000705600000|  0%| F|  |TAMS 0x0000000705500000, 0x0000000705500000| Untracked 
|  70|0x0000000705600000, 0x0000000705600000, 0x0000000705700000|  0%| F|  |TAMS 0x0000000705600000, 0x0000000705600000| Untracked 
|  71|0x0000000705700000, 0x0000000705700000, 0x0000000705800000|  0%| F|  |TAMS 0x0000000705700000, 0x0000000705700000| Untracked 
|  72|0x0000000705800000, 0x0000000705800000, 0x0000000705900000|  0%| F|  |TAMS 0x0000000705800000, 0x0000000705800000| Untracked 
|  73|0x0000000705900000, 0x0000000705900000, 0x0000000705a00000|  0%| F|  |TAMS 0x0000000705900000, 0x0000000705900000| Untracked 
|  74|0x0000000705a00000, 0x0000000705a00000, 0x0000000705b00000|  0%| F|  |TAMS 0x0000000705a00000, 0x0000000705a00000| Untracked 
|  75|0x0000000705b00000, 0x0000000705b00000, 0x0000000705c00000|  0%| F|  |TAMS 0x0000000705b00000, 0x0000000705b00000| Untracked 
|  76|0x0000000705c00000, 0x0000000705c00000, 0x0000000705d00000|  0%| F|  |TAMS 0x0000000705c00000, 0x0000000705c00000| Untracked 
|  77|0x0000000705d00000, 0x0000000705d00000, 0x0000000705e00000|  0%| F|  |TAMS 0x0000000705d00000, 0x0000000705d00000| Untracked 
|  78|0x0000000705e00000, 0x0000000705e00000, 0x0000000705f00000|  0%| F|  |TAMS 0x0000000705e00000, 0x0000000705e00000| Untracked 
|  79|0x0000000705f00000, 0x0000000705f00000, 0x0000000706000000|  0%| F|  |TAMS 0x0000000705f00000, 0x0000000705f00000| Untracked 
|  80|0x0000000706000000, 0x0000000706000000, 0x0000000706100000|  0%| F|  |TAMS 0x0000000706000000, 0x0000000706000000| Untracked 
|  81|0x0000000706100000, 0x0000000706100000, 0x0000000706200000|  0%| F|  |TAMS 0x0000000706100000, 0x0000000706100000| Untracked 
|  82|0x0000000706200000, 0x0000000706200000, 0x0000000706300000|  0%| F|  |TAMS 0x0000000706200000, 0x0000000706200000| Untracked 
|  83|0x0000000706300000, 0x0000000706300000, 0x0000000706400000|  0%| F|  |TAMS 0x0000000706300000, 0x0000000706300000| Untracked 
|  84|0x0000000706400000, 0x0000000706400000, 0x0000000706500000|  0%| F|  |TAMS 0x0000000706400000, 0x0000000706400000| Untracked 
|  85|0x0000000706500000, 0x0000000706500000, 0x0000000706600000|  0%| F|  |TAMS 0x0000000706500000, 0x0000000706500000| Untracked 
|  86|0x0000000706600000, 0x0000000706600000, 0x0000000706700000|  0%| F|  |TAMS 0x0000000706600000, 0x0000000706600000| Untracked 
|  87|0x0000000706700000, 0x0000000706700000, 0x0000000706800000|  0%| F|  |TAMS 0x0000000706700000, 0x0000000706700000| Untracked 
|  88|0x0000000706800000, 0x0000000706800000, 0x0000000706900000|  0%| F|  |TAMS 0x0000000706800000, 0x0000000706800000| Untracked 
|  89|0x0000000706900000, 0x0000000706900000, 0x0000000706a00000|  0%| F|  |TAMS 0x0000000706900000, 0x0000000706900000| Untracked 
|  90|0x0000000706a00000, 0x0000000706a00000, 0x0000000706b00000|  0%| F|  |TAMS 0x0000000706a00000, 0x0000000706a00000| Untracked 
|  91|0x0000000706b00000, 0x0000000706b00000, 0x0000000706c00000|  0%| F|  |TAMS 0x0000000706b00000, 0x0000000706b00000| Untracked 
|  92|0x0000000706c00000, 0x0000000706c00000, 0x0000000706d00000|  0%| F|  |TAMS 0x0000000706c00000, 0x0000000706c00000| Untracked 
|  93|0x0000000706d00000, 0x0000000706d00000, 0x0000000706e00000|  0%| F|  |TAMS 0x0000000706d00000, 0x0000000706d00000| Untracked 
|  94|0x0000000706e00000, 0x0000000706e00000, 0x0000000706f00000|  0%| F|  |TAMS 0x0000000706e00000, 0x0000000706e00000| Untracked 
|  95|0x0000000706f00000, 0x0000000706f00000, 0x0000000707000000|  0%| F|  |TAMS 0x0000000706f00000, 0x0000000706f00000| Untracked 
|  96|0x0000000707000000, 0x0000000707000000, 0x0000000707100000|  0%| F|  |TAMS 0x0000000707000000, 0x0000000707000000| Untracked 
|  97|0x0000000707100000, 0x0000000707100000, 0x0000000707200000|  0%| F|  |TAMS 0x0000000707100000, 0x0000000707100000| Untracked 
|  98|0x0000000707200000, 0x0000000707200000, 0x0000000707300000|  0%| F|  |TAMS 0x0000000707200000, 0x0000000707200000| Untracked 
|  99|0x0000000707300000, 0x0000000707300000, 0x0000000707400000|  0%| F|  |TAMS 0x0000000707300000, 0x0000000707300000| Untracked 
| 100|0x0000000707400000, 0x0000000707400000, 0x0000000707500000|  0%| F|  |TAMS 0x0000000707400000, 0x0000000707400000| Untracked 
| 101|0x0000000707500000, 0x0000000707500000, 0x0000000707600000|  0%| F|  |TAMS 0x0000000707500000, 0x0000000707500000| Untracked 
| 102|0x0000000707600000, 0x0000000707600000, 0x0000000707700000|  0%| F|  |TAMS 0x0000000707600000, 0x0000000707600000| Untracked 
| 103|0x0000000707700000, 0x0000000707700000, 0x0000000707800000|  0%| F|  |TAMS 0x0000000707700000, 0x0000000707700000| Untracked 
| 104|0x0000000707800000, 0x0000000707800000, 0x0000000707900000|  0%| F|  |TAMS 0x0000000707800000, 0x0000000707800000| Untracked 
| 105|0x0000000707900000, 0x0000000707900000, 0x0000000707a00000|  0%| F|  |TAMS 0x0000000707900000, 0x0000000707900000| Untracked 
| 106|0x0000000707a00000, 0x0000000707a00000, 0x0000000707b00000|  0%| F|  |TAMS 0x0000000707a00000, 0x0000000707a00000| Untracked 
| 107|0x0000000707b00000, 0x0000000707b00000, 0x0000000707c00000|  0%| F|  |TAMS 0x0000000707b00000, 0x0000000707b00000| Untracked 
| 108|0x0000000707c00000, 0x0000000707c00000, 0x0000000707d00000|  0%| F|  |TAMS 0x0000000707c00000, 0x0000000707c00000| Untracked 
| 109|0x0000000707d00000, 0x0000000707d00000, 0x0000000707e00000|  0%| F|  |TAMS 0x0000000707d00000, 0x0000000707d00000| Untracked 
| 110|0x0000000707e00000, 0x0000000707e00000, 0x0000000707f00000|  0%| F|  |TAMS 0x0000000707e00000, 0x0000000707e00000| Untracked 
| 111|0x0000000707f00000, 0x0000000707f00000, 0x0000000708000000|  0%| F|  |TAMS 0x0000000707f00000, 0x0000000707f00000| Untracked 
| 112|0x0000000708000000, 0x0000000708000000, 0x0000000708100000|  0%| F|  |TAMS 0x0000000708000000, 0x0000000708000000| Untracked 
| 113|0x0000000708100000, 0x0000000708100000, 0x0000000708200000|  0%| F|  |TAMS 0x0000000708100000, 0x0000000708100000| Untracked 
| 114|0x0000000708200000, 0x0000000708200000, 0x0000000708300000|  0%| F|  |TAMS 0x0000000708200000, 0x0000000708200000| Untracked 
| 115|0x0000000708300000, 0x0000000708300000, 0x0000000708400000|  0%| F|  |TAMS 0x0000000708300000, 0x0000000708300000| Untracked 
| 116|0x0000000708400000, 0x0000000708400000, 0x0000000708500000|  0%| F|  |TAMS 0x0000000708400000, 0x0000000708400000| Untracked 
| 117|0x0000000708500000, 0x0000000708500000, 0x0000000708600000|  0%| F|  |TAMS 0x0000000708500000, 0x0000000708500000| Untracked 
| 118|0x0000000708600000, 0x0000000708600000, 0x0000000708700000|  0%| F|  |TAMS 0x0000000708600000, 0x0000000708600000| Untracked 
| 119|0x0000000708700000, 0x0000000708700000, 0x0000000708800000|  0%| F|  |TAMS 0x0000000708700000, 0x0000000708700000| Untracked 
| 120|0x0000000708800000, 0x0000000708800000, 0x0000000708900000|  0%| F|  |TAMS 0x0000000708800000, 0x0000000708800000| Untracked 
| 121|0x0000000708900000, 0x0000000708900000, 0x0000000708a00000|  0%| F|  |TAMS 0x0000000708900000, 0x0000000708900000| Untracked 
| 122|0x0000000708a00000, 0x0000000708a00000, 0x0000000708b00000|  0%| F|  |TAMS 0x0000000708a00000, 0x0000000708a00000| Untracked 
| 123|0x0000000708b00000, 0x0000000708b00000, 0x0000000708c00000|  0%| F|  |TAMS 0x0000000708b00000, 0x0000000708b00000| Untracked 
| 124|0x0000000708c00000, 0x0000000708c00000, 0x0000000708d00000|  0%| F|  |TAMS 0x0000000708c00000, 0x0000000708c00000| Untracked 
| 125|0x0000000708d00000, 0x0000000708d00000, 0x0000000708e00000|  0%| F|  |TAMS 0x0000000708d00000, 0x0000000708d00000| Untracked 
| 126|0x0000000708e00000, 0x0000000708e00000, 0x0000000708f00000|  0%| F|  |TAMS 0x0000000708e00000, 0x0000000708e00000| Untracked 
| 127|0x0000000708f00000, 0x0000000708f00000, 0x0000000709000000|  0%| F|  |TAMS 0x0000000708f00000, 0x0000000708f00000| Untracked 
| 128|0x0000000709000000, 0x0000000709000000, 0x0000000709100000|  0%| F|  |TAMS 0x0000000709000000, 0x0000000709000000| Untracked 
| 129|0x0000000709100000, 0x0000000709100000, 0x0000000709200000|  0%| F|  |TAMS 0x0000000709100000, 0x0000000709100000| Untracked 
| 130|0x0000000709200000, 0x0000000709200000, 0x0000000709300000|  0%| F|  |TAMS 0x0000000709200000, 0x0000000709200000| Untracked 
| 131|0x0000000709300000, 0x0000000709300000, 0x0000000709400000|  0%| F|  |TAMS 0x0000000709300000, 0x0000000709300000| Untracked 
| 132|0x0000000709400000, 0x0000000709400000, 0x0000000709500000|  0%| F|  |TAMS 0x0000000709400000, 0x0000000709400000| Untracked 
| 133|0x0000000709500000, 0x0000000709500000, 0x0000000709600000|  0%| F|  |TAMS 0x0000000709500000, 0x0000000709500000| Untracked 
| 134|0x0000000709600000, 0x0000000709600000, 0x0000000709700000|  0%| F|  |TAMS 0x0000000709600000, 0x0000000709600000| Untracked 
| 135|0x0000000709700000, 0x0000000709700000, 0x0000000709800000|  0%| F|  |TAMS 0x0000000709700000, 0x0000000709700000| Untracked 
| 136|0x0000000709800000, 0x0000000709800000, 0x0000000709900000|  0%| F|  |TAMS 0x0000000709800000, 0x0000000709800000| Untracked 
| 137|0x0000000709900000, 0x0000000709900000, 0x0000000709a00000|  0%| F|  |TAMS 0x0000000709900000, 0x0000000709900000| Untracked 
| 138|0x0000000709a00000, 0x0000000709a00000, 0x0000000709b00000|  0%| F|  |TAMS 0x0000000709a00000, 0x0000000709a00000| Untracked 
| 139|0x0000000709b00000, 0x0000000709b00000, 0x0000000709c00000|  0%| F|  |TAMS 0x0000000709b00000, 0x0000000709b00000| Untracked 
| 140|0x0000000709c00000, 0x0000000709c00000, 0x0000000709d00000|  0%| F|  |TAMS 0x0000000709c00000, 0x0000000709c00000| Untracked 
| 141|0x0000000709d00000, 0x0000000709d00000, 0x0000000709e00000|  0%| F|  |TAMS 0x0000000709d00000, 0x0000000709d00000| Untracked 
| 142|0x0000000709e00000, 0x0000000709e00000, 0x0000000709f00000|  0%| F|  |TAMS 0x0000000709e00000, 0x0000000709e00000| Untracked 
| 143|0x0000000709f00000, 0x0000000709f00000, 0x000000070a000000|  0%| F|  |TAMS 0x0000000709f00000, 0x0000000709f00000| Untracked 
| 144|0x000000070a000000, 0x000000070a000000, 0x000000070a100000|  0%| F|  |TAMS 0x000000070a000000, 0x000000070a000000| Untracked 
| 145|0x000000070a100000, 0x000000070a100000, 0x000000070a200000|  0%| F|  |TAMS 0x000000070a100000, 0x000000070a100000| Untracked 
| 146|0x000000070a200000, 0x000000070a200000, 0x000000070a300000|  0%| F|  |TAMS 0x000000070a200000, 0x000000070a200000| Untracked 
| 147|0x000000070a300000, 0x000000070a300000, 0x000000070a400000|  0%| F|  |TAMS 0x000000070a300000, 0x000000070a300000| Untracked 
| 148|0x000000070a400000, 0x000000070a400000, 0x000000070a500000|  0%| F|  |TAMS 0x000000070a400000, 0x000000070a400000| Untracked 
| 149|0x000000070a500000, 0x000000070a500000, 0x000000070a600000|  0%| F|  |TAMS 0x000000070a500000, 0x000000070a500000| Untracked 
| 150|0x000000070a600000, 0x000000070a600000, 0x000000070a700000|  0%| F|  |TAMS 0x000000070a600000, 0x000000070a600000| Untracked 
| 151|0x000000070a700000, 0x000000070a700000, 0x000000070a800000|  0%| F|  |TAMS 0x000000070a700000, 0x000000070a700000| Untracked 
| 152|0x000000070a800000, 0x000000070a800000, 0x000000070a900000|  0%| F|  |TAMS 0x000000070a800000, 0x000000070a800000| Untracked 
| 153|0x000000070a900000, 0x000000070a900000, 0x000000070aa00000|  0%| F|  |TAMS 0x000000070a900000, 0x000000070a900000| Untracked 
| 154|0x000000070aa00000, 0x000000070aa00000, 0x000000070ab00000|  0%| F|  |TAMS 0x000000070aa00000, 0x000000070aa00000| Untracked 
| 155|0x000000070ab00000, 0x000000070ab00000, 0x000000070ac00000|  0%| F|  |TAMS 0x000000070ab00000, 0x000000070ab00000| Untracked 
| 156|0x000000070ac00000, 0x000000070ac00000, 0x000000070ad00000|  0%| F|  |TAMS 0x000000070ac00000, 0x000000070ac00000| Untracked 
| 157|0x000000070ad00000, 0x000000070ad00000, 0x000000070ae00000|  0%| F|  |TAMS 0x000000070ad00000, 0x000000070ad00000| Untracked 
| 158|0x000000070ae00000, 0x000000070ae00000, 0x000000070af00000|  0%| F|  |TAMS 0x000000070ae00000, 0x000000070ae00000| Untracked 
| 159|0x000000070af00000, 0x000000070af00000, 0x000000070b000000|  0%| F|  |TAMS 0x000000070af00000, 0x000000070af00000| Untracked 
| 160|0x000000070b000000, 0x000000070b000000, 0x000000070b100000|  0%| F|  |TAMS 0x000000070b000000, 0x000000070b000000| Untracked 
| 161|0x000000070b100000, 0x000000070b100000, 0x000000070b200000|  0%| F|  |TAMS 0x000000070b100000, 0x000000070b100000| Untracked 
| 162|0x000000070b200000, 0x000000070b200000, 0x000000070b300000|  0%| F|  |TAMS 0x000000070b200000, 0x000000070b200000| Untracked 
| 163|0x000000070b300000, 0x000000070b300000, 0x000000070b400000|  0%| F|  |TAMS 0x000000070b300000, 0x000000070b300000| Untracked 
| 164|0x000000070b400000, 0x000000070b400000, 0x000000070b500000|  0%| F|  |TAMS 0x000000070b400000, 0x000000070b400000| Untracked 
| 165|0x000000070b500000, 0x000000070b500000, 0x000000070b600000|  0%| F|  |TAMS 0x000000070b500000, 0x000000070b500000| Untracked 
| 166|0x000000070b600000, 0x000000070b600000, 0x000000070b700000|  0%| F|  |TAMS 0x000000070b600000, 0x000000070b600000| Untracked 
| 167|0x000000070b700000, 0x000000070b700000, 0x000000070b800000|  0%| F|  |TAMS 0x000000070b700000, 0x000000070b700000| Untracked 
| 168|0x000000070b800000, 0x000000070b800000, 0x000000070b900000|  0%| F|  |TAMS 0x000000070b800000, 0x000000070b800000| Untracked 
| 169|0x000000070b900000, 0x000000070b900000, 0x000000070ba00000|  0%| F|  |TAMS 0x000000070b900000, 0x000000070b900000| Untracked 
| 170|0x000000070ba00000, 0x000000070ba00000, 0x000000070bb00000|  0%| F|  |TAMS 0x000000070ba00000, 0x000000070ba00000| Untracked 
| 171|0x000000070bb00000, 0x000000070bb00000, 0x000000070bc00000|  0%| F|  |TAMS 0x000000070bb00000, 0x000000070bb00000| Untracked 
| 172|0x000000070bc00000, 0x000000070bc00000, 0x000000070bd00000|  0%| F|  |TAMS 0x000000070bc00000, 0x000000070bc00000| Untracked 
| 173|0x000000070bd00000, 0x000000070bd00000, 0x000000070be00000|  0%| F|  |TAMS 0x000000070bd00000, 0x000000070bd00000| Untracked 
| 174|0x000000070be00000, 0x000000070be00000, 0x000000070bf00000|  0%| F|  |TAMS 0x000000070be00000, 0x000000070be00000| Untracked 
| 175|0x000000070bf00000, 0x000000070bf00000, 0x000000070c000000|  0%| F|  |TAMS 0x000000070bf00000, 0x000000070bf00000| Untracked 
| 176|0x000000070c000000, 0x000000070c000000, 0x000000070c100000|  0%| F|  |TAMS 0x000000070c000000, 0x000000070c000000| Untracked 
| 177|0x000000070c100000, 0x000000070c100000, 0x000000070c200000|  0%| F|  |TAMS 0x000000070c100000, 0x000000070c100000| Untracked 
| 178|0x000000070c200000, 0x000000070c200000, 0x000000070c300000|  0%| F|  |TAMS 0x000000070c200000, 0x000000070c200000| Untracked 
| 179|0x000000070c300000, 0x000000070c300000, 0x000000070c400000|  0%| F|  |TAMS 0x000000070c300000, 0x000000070c300000| Untracked 
| 180|0x000000070c400000, 0x000000070c400000, 0x000000070c500000|  0%| F|  |TAMS 0x000000070c400000, 0x000000070c400000| Untracked 
| 181|0x000000070c500000, 0x000000070c500000, 0x000000070c600000|  0%| F|  |TAMS 0x000000070c500000, 0x000000070c500000| Untracked 
| 182|0x000000070c600000, 0x000000070c600000, 0x000000070c700000|  0%| F|  |TAMS 0x000000070c600000, 0x000000070c600000| Untracked 
| 183|0x000000070c700000, 0x000000070c700000, 0x000000070c800000|  0%| F|  |TAMS 0x000000070c700000, 0x000000070c700000| Untracked 
| 184|0x000000070c800000, 0x000000070c800000, 0x000000070c900000|  0%| F|  |TAMS 0x000000070c800000, 0x000000070c800000| Untracked 
| 185|0x000000070c900000, 0x000000070c900000, 0x000000070ca00000|  0%| F|  |TAMS 0x000000070c900000, 0x000000070c900000| Untracked 
| 186|0x000000070ca00000, 0x000000070ca00000, 0x000000070cb00000|  0%| F|  |TAMS 0x000000070ca00000, 0x000000070ca00000| Untracked 
| 187|0x000000070cb00000, 0x000000070cb00000, 0x000000070cc00000|  0%| F|  |TAMS 0x000000070cb00000, 0x000000070cb00000| Untracked 
| 188|0x000000070cc00000, 0x000000070cc00000, 0x000000070cd00000|  0%| F|  |TAMS 0x000000070cc00000, 0x000000070cc00000| Untracked 
| 189|0x000000070cd00000, 0x000000070cd00000, 0x000000070ce00000|  0%| F|  |TAMS 0x000000070cd00000, 0x000000070cd00000| Untracked 
| 190|0x000000070ce00000, 0x000000070ce00000, 0x000000070cf00000|  0%| F|  |TAMS 0x000000070ce00000, 0x000000070ce00000| Untracked 
| 191|0x000000070cf00000, 0x000000070cf00000, 0x000000070d000000|  0%| F|  |TAMS 0x000000070cf00000, 0x000000070cf00000| Untracked 
| 192|0x000000070d000000, 0x000000070d000000, 0x000000070d100000|  0%| F|  |TAMS 0x000000070d000000, 0x000000070d000000| Untracked 
| 193|0x000000070d100000, 0x000000070d100000, 0x000000070d200000|  0%| F|  |TAMS 0x000000070d100000, 0x000000070d100000| Untracked 
| 194|0x000000070d200000, 0x000000070d200000, 0x000000070d300000|  0%| F|  |TAMS 0x000000070d200000, 0x000000070d200000| Untracked 
| 195|0x000000070d300000, 0x000000070d300000, 0x000000070d400000|  0%| F|  |TAMS 0x000000070d300000, 0x000000070d300000| Untracked 
| 196|0x000000070d400000, 0x000000070d400000, 0x000000070d500000|  0%| F|  |TAMS 0x000000070d400000, 0x000000070d400000| Untracked 
| 197|0x000000070d500000, 0x000000070d500000, 0x000000070d600000|  0%| F|  |TAMS 0x000000070d500000, 0x000000070d500000| Untracked 
| 198|0x000000070d600000, 0x000000070d600000, 0x000000070d700000|  0%| F|  |TAMS 0x000000070d600000, 0x000000070d600000| Untracked 
| 199|0x000000070d700000, 0x000000070d700000, 0x000000070d800000|  0%| F|  |TAMS 0x000000070d700000, 0x000000070d700000| Untracked 
| 200|0x000000070d800000, 0x000000070d800000, 0x000000070d900000|  0%| F|  |TAMS 0x000000070d800000, 0x000000070d800000| Untracked 
| 201|0x000000070d900000, 0x000000070d900000, 0x000000070da00000|  0%| F|  |TAMS 0x000000070d900000, 0x000000070d900000| Untracked 
| 202|0x000000070da00000, 0x000000070da00000, 0x000000070db00000|  0%| F|  |TAMS 0x000000070da00000, 0x000000070da00000| Untracked 
| 203|0x000000070db00000, 0x000000070db00000, 0x000000070dc00000|  0%| F|  |TAMS 0x000000070db00000, 0x000000070db00000| Untracked 
| 204|0x000000070dc00000, 0x000000070dc00000, 0x000000070dd00000|  0%| F|  |TAMS 0x000000070dc00000, 0x000000070dc00000| Untracked 
| 205|0x000000070dd00000, 0x000000070dd00000, 0x000000070de00000|  0%| F|  |TAMS 0x000000070dd00000, 0x000000070dd00000| Untracked 
| 206|0x000000070de00000, 0x000000070de00000, 0x000000070df00000|  0%| F|  |TAMS 0x000000070de00000, 0x000000070de00000| Untracked 
| 207|0x000000070df00000, 0x000000070df00000, 0x000000070e000000|  0%| F|  |TAMS 0x000000070df00000, 0x000000070df00000| Untracked 
| 208|0x000000070e000000, 0x000000070e000000, 0x000000070e100000|  0%| F|  |TAMS 0x000000070e000000, 0x000000070e000000| Untracked 
| 209|0x000000070e100000, 0x000000070e100000, 0x000000070e200000|  0%| F|  |TAMS 0x000000070e100000, 0x000000070e100000| Untracked 
| 210|0x000000070e200000, 0x000000070e200000, 0x000000070e300000|  0%| F|  |TAMS 0x000000070e200000, 0x000000070e200000| Untracked 
| 211|0x000000070e300000, 0x000000070e300000, 0x000000070e400000|  0%| F|  |TAMS 0x000000070e300000, 0x000000070e300000| Untracked 
| 212|0x000000070e400000, 0x000000070e400000, 0x000000070e500000|  0%| F|  |TAMS 0x000000070e400000, 0x000000070e400000| Untracked 
| 213|0x000000070e500000, 0x000000070e500000, 0x000000070e600000|  0%| F|  |TAMS 0x000000070e500000, 0x000000070e500000| Untracked 
| 214|0x000000070e600000, 0x000000070e600000, 0x000000070e700000|  0%| F|  |TAMS 0x000000070e600000, 0x000000070e600000| Untracked 
| 215|0x000000070e700000, 0x000000070e700000, 0x000000070e800000|  0%| F|  |TAMS 0x000000070e700000, 0x000000070e700000| Untracked 
| 216|0x000000070e800000, 0x000000070e800000, 0x000000070e900000|  0%| F|  |TAMS 0x000000070e800000, 0x000000070e800000| Untracked 
| 217|0x000000070e900000, 0x000000070e900000, 0x000000070ea00000|  0%| F|  |TAMS 0x000000070e900000, 0x000000070e900000| Untracked 
| 218|0x000000070ea00000, 0x000000070ea00000, 0x000000070eb00000|  0%| F|  |TAMS 0x000000070ea00000, 0x000000070ea00000| Untracked 
| 219|0x000000070eb00000, 0x000000070eb00000, 0x000000070ec00000|  0%| F|  |TAMS 0x000000070eb00000, 0x000000070eb00000| Untracked 
| 220|0x000000070ec00000, 0x000000070ec00000, 0x000000070ed00000|  0%| F|  |TAMS 0x000000070ec00000, 0x000000070ec00000| Untracked 
| 221|0x000000070ed00000, 0x000000070ed00000, 0x000000070ee00000|  0%| F|  |TAMS 0x000000070ed00000, 0x000000070ed00000| Untracked 
| 222|0x000000070ee00000, 0x000000070ee00000, 0x000000070ef00000|  0%| F|  |TAMS 0x000000070ee00000, 0x000000070ee00000| Untracked 
| 223|0x000000070ef00000, 0x000000070ef00000, 0x000000070f000000|  0%| F|  |TAMS 0x000000070ef00000, 0x000000070ef00000| Untracked 
| 224|0x000000070f000000, 0x000000070f000000, 0x000000070f100000|  0%| F|  |TAMS 0x000000070f000000, 0x000000070f000000| Untracked 
| 225|0x000000070f100000, 0x000000070f100000, 0x000000070f200000|  0%| F|  |TAMS 0x000000070f100000, 0x000000070f100000| Untracked 
| 226|0x000000070f200000, 0x000000070f200000, 0x000000070f300000|  0%| F|  |TAMS 0x000000070f200000, 0x000000070f200000| Untracked 
| 227|0x000000070f300000, 0x000000070f300000, 0x000000070f400000|  0%| F|  |TAMS 0x000000070f300000, 0x000000070f300000| Untracked 
| 228|0x000000070f400000, 0x000000070f400000, 0x000000070f500000|  0%| F|  |TAMS 0x000000070f400000, 0x000000070f400000| Untracked 
| 229|0x000000070f500000, 0x000000070f500000, 0x000000070f600000|  0%| F|  |TAMS 0x000000070f500000, 0x000000070f500000| Untracked 
| 230|0x000000070f600000, 0x000000070f606a90, 0x000000070f700000|  2%| S|CS|TAMS 0x000000070f600000, 0x000000070f600000| Complete 
| 231|0x000000070f700000, 0x000000070f800000, 0x000000070f800000|100%| S|CS|TAMS 0x000000070f700000, 0x000000070f700000| Complete 
| 232|0x000000070f800000, 0x000000070f900000, 0x000000070f900000|100%| S|CS|TAMS 0x000000070f800000, 0x000000070f800000| Complete 
| 233|0x000000070f900000, 0x000000070f900000, 0x000000070fa00000|  0%| F|  |TAMS 0x000000070f900000, 0x000000070f900000| Untracked 
| 234|0x000000070fa00000, 0x000000070fa00000, 0x000000070fb00000|  0%| F|  |TAMS 0x000000070fa00000, 0x000000070fa00000| Untracked 
| 235|0x000000070fb00000, 0x000000070fb00000, 0x000000070fc00000|  0%| F|  |TAMS 0x000000070fb00000, 0x000000070fb00000| Untracked 
| 236|0x000000070fc00000, 0x000000070fc00000, 0x000000070fd00000|  0%| F|  |TAMS 0x000000070fc00000, 0x000000070fc00000| Untracked 
| 237|0x000000070fd00000, 0x000000070fd00000, 0x000000070fe00000|  0%| F|  |TAMS 0x000000070fd00000, 0x000000070fd00000| Untracked 
| 238|0x000000070fe00000, 0x000000070fe00000, 0x000000070ff00000|  0%| F|  |TAMS 0x000000070fe00000, 0x000000070fe00000| Untracked 
| 239|0x000000070ff00000, 0x000000070ff00000, 0x0000000710000000|  0%| F|  |TAMS 0x000000070ff00000, 0x000000070ff00000| Untracked 
| 240|0x0000000710000000, 0x0000000710000000, 0x0000000710100000|  0%| F|  |TAMS 0x0000000710000000, 0x0000000710000000| Untracked 
| 241|0x0000000710100000, 0x0000000710100000, 0x0000000710200000|  0%| F|  |TAMS 0x0000000710100000, 0x0000000710100000| Untracked 
| 242|0x0000000710200000, 0x0000000710200000, 0x0000000710300000|  0%| F|  |TAMS 0x0000000710200000, 0x0000000710200000| Untracked 
| 243|0x0000000710300000, 0x0000000710300000, 0x0000000710400000|  0%| F|  |TAMS 0x0000000710300000, 0x0000000710300000| Untracked 
| 244|0x0000000710400000, 0x0000000710400000, 0x0000000710500000|  0%| F|  |TAMS 0x0000000710400000, 0x0000000710400000| Untracked 
| 245|0x0000000710500000, 0x0000000710500000, 0x0000000710600000|  0%| F|  |TAMS 0x0000000710500000, 0x0000000710500000| Untracked 
| 246|0x0000000710600000, 0x00000007106d78b8, 0x0000000710700000| 84%| E|  |TAMS 0x0000000710600000, 0x0000000710600000| Complete 
| 247|0x0000000710700000, 0x0000000710800000, 0x0000000710800000|100%| E|CS|TAMS 0x0000000710700000, 0x0000000710700000| Complete 
| 248|0x0000000710800000, 0x0000000710900000, 0x0000000710900000|100%| E|CS|TAMS 0x0000000710800000, 0x0000000710800000| Complete 
| 249|0x0000000710900000, 0x0000000710a00000, 0x0000000710a00000|100%| E|CS|TAMS 0x0000000710900000, 0x0000000710900000| Complete 
| 250|0x0000000710a00000, 0x0000000710b00000, 0x0000000710b00000|100%| E|CS|TAMS 0x0000000710a00000, 0x0000000710a00000| Complete 
| 251|0x0000000710b00000, 0x0000000710c00000, 0x0000000710c00000|100%| E|CS|TAMS 0x0000000710b00000, 0x0000000710b00000| Complete 
| 252|0x0000000710c00000, 0x0000000710d00000, 0x0000000710d00000|100%| E|CS|TAMS 0x0000000710c00000, 0x0000000710c00000| Complete 
| 253|0x0000000710d00000, 0x0000000710e00000, 0x0000000710e00000|100%| E|CS|TAMS 0x0000000710d00000, 0x0000000710d00000| Complete 
| 254|0x0000000710e00000, 0x0000000710f00000, 0x0000000710f00000|100%| E|CS|TAMS 0x0000000710e00000, 0x0000000710e00000| Complete 
| 255|0x0000000710f00000, 0x0000000711000000, 0x0000000711000000|100%| E|CS|TAMS 0x0000000710f00000, 0x0000000710f00000| Complete 

Card table byte_map: [0x000001f6a4110000,0x000001f6a4910000] _byte_map_base: 0x000001f6a0908000

Marking Bits (Prev, Next): (CMBitMap*) 0x000001f68b9a5318, (CMBitMap*) 0x000001f68b9a5358
 Prev Bits: [0x000001f6a5110000, 0x000001f6a90d0000)
 Next Bits: [0x000001f6a90d0000, 0x000001f6ad090000)

Polling page: 0x000001f689770000

Metaspace:

Usage:
  Non-class:      9.22 MB capacity,     6.75 MB ( 73%) used,     2.46 MB ( 27%) free+waste,    11.00 KB ( <1%) overhead. 
      Class:    642.00 KB capacity,   352.78 KB ( 55%) used,   284.97 KB ( 44%) free+waste,     4.25 KB ( <1%) overhead. 
       Both:      9.85 MB capacity,     7.10 MB ( 72%) used,     2.73 MB ( 28%) free+waste,    15.25 KB ( <1%) overhead. 

Virtual space:
  Non-class space:       10.00 MB reserved,       9.50 MB ( 95%) committed 
      Class space:        1.00 GB reserved,     768.00 KB ( <1%) committed 
             Both:        1.01 GB reserved,      10.25 MB ( <1%) committed 

Chunk freelists:
   Non-Class:  96.00 KB
       Class:  0 bytes
        Both:  96.00 KB

MaxMetaspaceSize: 17179869184.00 GB
CompressedClassSpaceSize: 1.00 GB

CodeHeap 'non-profiled nmethods': size=120000Kb used=441Kb max_used=441Kb free=119558Kb
 bounds [0x000001f69be90000, 0x000001f69c100000, 0x000001f6a33c0000]
CodeHeap 'profiled nmethods': size=120000Kb used=1653Kb max_used=1653Kb free=118346Kb
 bounds [0x000001f694960000, 0x000001f694bd0000, 0x000001f69be90000]
CodeHeap 'non-nmethods': size=5760Kb used=1632Kb max_used=1654Kb free=4127Kb
 bounds [0x000001f6943c0000, 0x000001f694630000, 0x000001f694960000]
 total_blobs=1999 nmethods=973 adapters=939
 compilation: enabled
              stopped_count=0, restarted_count=0
 full_count=0

Compilation events (20 events):
Event: 2.969 Thread 0x000001f6b070a800 nmethod 964 0x000001f69bef8290 code [0x000001f69bef8400, 0x000001f69bef8458]
Event: 2.970 Thread 0x000001f6b070d800 nmethod 963 0x000001f694af1110 code [0x000001f694af15a0, 0x000001f694af3f28]
Event: 2.973 Thread 0x000001f6b070d800  965       3       jdk.internal.math.FloatingDecimal$BinaryToASCIIBuffer::getChars (502 bytes)
Event: 2.974 Thread 0x000001f6b070d800 nmethod 965 0x000001f694af5110 code [0x000001f694af53c0, 0x000001f694af6458]
Event: 2.976 Thread 0x000001f6b070d800  966       3       jdk.internal.math.FloatingDecimal$BinaryToASCIIBuffer::estimateDecExp (182 bytes)
Event: 2.976 Thread 0x000001f6b070d800 nmethod 966 0x000001f694af6b10 code [0x000001f694af6d00, 0x000001f694af71d8]
Event: 3.083 Thread 0x000001f6b070a800  967       4       org.joml.Matrix4f::translateGeneric (136 bytes)
Event: 3.083 Thread 0x000001f6b070a800 nmethod 967 0x000001f69bef8590 code [0x000001f69bef8700, 0x000001f69bef87f8]
Event: 3.211 Thread 0x000001f6b070a800  968       4       jdk.internal.math.FloatingDecimal$BinaryToASCIIBuffer::dtoa (1509 bytes)
Event: 3.230 Thread 0x000001f6b070a800 nmethod 968 0x000001f69bef8890 code [0x000001f69bef8ce0, 0x000001f69befa738]
Event: 3.405 Thread 0x000001f6b070a800  969       4       jdk.internal.math.FloatingDecimal$BinaryToASCIIBuffer::getChars (502 bytes)
Event: 3.411 Thread 0x000001f6b070a800 nmethod 969 0x000001f69befb690 code [0x000001f69befb9a0, 0x000001f69befc648]
Event: 3.812 Thread 0x000001f6b070a800  970       4       educanet.Game::update (11 bytes)
Event: 3.816 Thread 0x000001f6b070a800 nmethod 970 0x000001f69befcb90 code [0x000001f69befce20, 0x000001f69befd5f0]
Event: 3.816 Thread 0x000001f6b070a800  971       4       educanet.Game::movePlayer (138 bytes)
Event: 3.820 Thread 0x000001f6b070a800 nmethod 971 0x000001f69befda10 code [0x000001f69befdc80, 0x000001f69befe3c0]
Event: 11.192 Thread 0x000001f6b070d800  972 %     3       educanet.Main::main @ 82 (140 bytes)
Event: 11.194 Thread 0x000001f6b070d800 nmethod 972% 0x000001f694af7290 code [0x000001f694af77a0, 0x000001f694af9898]
Event: 11.385 Thread 0x000001f6b070d800  973       3       educanet.Main::main (140 bytes)
Event: 11.387 Thread 0x000001f6b070d800 nmethod 973 0x000001f694afa410 code [0x000001f694afa920, 0x000001f694afc9b8]

GC Heap History (2 events):
Event: 2.060 GC heap before
{Heap before GC invocations=0 (full 0):
 garbage-first heap   total 262144K, used 23552K [0x0000000701000000, 0x0000000800000000)
  region size 1024K, 23 young (23552K), 0 survivors (0K)
 Metaspace       used 7246K, capacity 10081K, committed 10496K, reserved 1058816K
  class space    used 352K, capacity 642K, committed 768K, reserved 1048576K
}
Event: 2.062 GC heap after
{Heap after GC invocations=1 (full 0):
 garbage-first heap   total 262144K, used 2074K [0x0000000701000000, 0x0000000800000000)
  region size 1024K, 3 young (3072K), 3 survivors (3072K)
 Metaspace       used 7246K, capacity 10081K, committed 10496K, reserved 1058816K
  class space    used 352K, capacity 642K, committed 768K, reserved 1048576K
}

Deoptimization events (20 events):
Event: 2.931 Thread 0x000001f68b939000 Uncommon trap: trap_request=0xffffff45 fr.pc=0x000001f69bef70fc relative=0x00000000000004fc
Event: 2.931 Thread 0x000001f68b939000 Uncommon trap: reason=unstable_if action=reinterpret pc=0x000001f69bef70fc method=educanet.Game.movePlayer(JLorg/joml/Matrix4f;)V @ 35 c2
Event: 2.931 Thread 0x000001f68b939000 DEOPT PACKING pc=0x000001f69bef70fc sp=0x000000b1f5eff5d0
Event: 2.931 Thread 0x000001f68b939000 DEOPT UNPACKING pc=0x000001f69440912f sp=0x000000b1f5eff508 mode 2
Event: 2.931 Thread 0x000001f68b939000 Uncommon trap: trap_request=0xffffff45 fr.pc=0x000001f69bef7d74 relative=0x0000000000000494
Event: 2.931 Thread 0x000001f68b939000 Uncommon trap: reason=unstable_if action=reinterpret pc=0x000001f69bef7d74 method=educanet.Game.movePlayer(JLorg/joml/Matrix4f;)V @ 35 c2
Event: 2.931 Thread 0x000001f68b939000 DEOPT PACKING pc=0x000001f69bef7d74 sp=0x000000b1f5eff560
Event: 2.931 Thread 0x000001f68b939000 DEOPT UNPACKING pc=0x000001f69440912f sp=0x000000b1f5eff508 mode 2
Event: 2.963 Thread 0x000001f68b939000 Uncommon trap: trap_request=0xffffff45 fr.pc=0x000001f69bee07c0 relative=0x0000000000000f40
Event: 2.963 Thread 0x000001f68b939000 Uncommon trap: reason=unstable_if action=reinterpret pc=0x000001f69bee07c0 method=jdk.internal.math.FloatingDecimal$BinaryToASCIIBuffer.estimateDecExp(JI)I @ 78 c2
Event: 2.963 Thread 0x000001f68b939000 DEOPT PACKING pc=0x000001f69bee07c0 sp=0x000000b1f5eff4c0
Event: 2.963 Thread 0x000001f68b939000 DEOPT UNPACKING pc=0x000001f69440912f sp=0x000000b1f5eff2c0 mode 2
Event: 2.963 Thread 0x000001f68b939000 Uncommon trap: trap_request=0xffffff45 fr.pc=0x000001f69bee26d4 relative=0x00000000000003d4
Event: 2.963 Thread 0x000001f68b939000 Uncommon trap: reason=unstable_if action=reinterpret pc=0x000001f69bee26d4 method=jdk.internal.math.FloatingDecimal$BinaryToASCIIBuffer.getChars([C)I @ 233 c2
Event: 2.963 Thread 0x000001f68b939000 DEOPT PACKING pc=0x000001f69bee26d4 sp=0x000000b1f5eff4b0
Event: 2.963 Thread 0x000001f68b939000 DEOPT UNPACKING pc=0x000001f69440912f sp=0x000000b1f5eff468 mode 2
Event: 2.964 Thread 0x000001f68b939000 Uncommon trap: trap_request=0xffffff45 fr.pc=0x000001f69bedf3c8 relative=0x00000000000000e8
Event: 2.964 Thread 0x000001f68b939000 Uncommon trap: reason=unstable_if action=reinterpret pc=0x000001f69bedf3c8 method=jdk.internal.math.FloatingDecimal$BinaryToASCIIBuffer.estimateDecExp(JI)I @ 78 c2
Event: 2.964 Thread 0x000001f68b939000 DEOPT PACKING pc=0x000001f69bedf3c8 sp=0x000000b1f5eff350
Event: 2.964 Thread 0x000001f68b939000 DEOPT UNPACKING pc=0x000001f69440912f sp=0x000000b1f5eff2a8 mode 2

Classes unloaded (0 events):
No events

Classes redefined (0 events):
No events

Internal exceptions (11 events):
Event: 0.081 Thread 0x000001f68b939000 Exception <a 'java/lang/NoSuchMethodError'{0x0000000710c19e90}: 'void java.lang.invoke.DelegatingMethodHandle$Holder.delegate(java.lang.Object, java.lang.Object, int, java.lang.Object)'> (0x0000000710c19e90) 
thrown [./src/hotspot/share/interpreter/linkResolver.cpp, line 766]
Event: 0.081 Thread 0x000001f68b939000 Exception <a 'java/lang/NoSuchMethodError'{0x0000000710c208e8}: 'java.lang.Object java.lang.invoke.DirectMethodHandle$Holder.invokeStaticInit(java.lang.Object, java.lang.Object, java.lang.Object)'> (0x0000000710c208e8) 
thrown [./src/hotspot/share/interpreter/linkResolver.cpp, line 766]
Event: 0.106 Thread 0x000001f68b939000 Exception <a 'sun/nio/fs/WindowsException'{0x0000000710cf3300}> (0x0000000710cf3300) 
thrown [./src/hotspot/share/prims/jni.cpp, line 599]
Event: 0.106 Thread 0x000001f68b939000 Exception <a 'sun/nio/fs/WindowsException'{0x0000000710cf3858}> (0x0000000710cf3858) 
thrown [./src/hotspot/share/prims/jni.cpp, line 599]
Event: 0.120 Thread 0x000001f68b939000 Exception <a 'sun/nio/fs/WindowsException'{0x0000000710b7aee8}> (0x0000000710b7aee8) 
thrown [./src/hotspot/share/prims/jni.cpp, line 599]
Event: 0.120 Thread 0x000001f68b939000 Exception <a 'sun/nio/fs/WindowsException'{0x0000000710b7b258}> (0x0000000710b7b258) 
thrown [./src/hotspot/share/prims/jni.cpp, line 599]
Event: 0.400 Thread 0x000001f68b939000 Exception <a 'sun/nio/fs/WindowsException'{0x0000000710ae81b8}> (0x0000000710ae81b8) 
thrown [./src/hotspot/share/prims/jni.cpp, line 599]
Event: 0.400 Thread 0x000001f68b939000 Exception <a 'sun/nio/fs/WindowsException'{0x0000000710ae8568}> (0x0000000710ae8568) 
thrown [./src/hotspot/share/prims/jni.cpp, line 599]
Event: 0.402 Thread 0x000001f68b939000 Exception <a 'sun/nio/fs/WindowsException'{0x00000007109076c8}> (0x00000007109076c8) 
thrown [./src/hotspot/share/prims/jni.cpp, line 599]
Event: 0.402 Thread 0x000001f68b939000 Exception <a 'sun/nio/fs/WindowsException'{0x00000007109079b0}> (0x00000007109079b0) 
thrown [./src/hotspot/share/prims/jni.cpp, line 599]
Event: 0.506 Thread 0x000001f68b939000 Exception <a 'java/lang/NoSuchMethodError'{0x00000007100ab8d8}: 'void java.lang.invoke.DirectMethodHandle$Holder.invokeStatic(java.lang.Object, long, int, int)'> (0x00000007100ab8d8) 
thrown [./src/hotspot/share/interpreter/linkResolver.cpp, line 766]

Events (20 events):
Event: 2.063 Executing VM operation: HandshakeOneThread
Event: 2.063 Executing VM operation: HandshakeOneThread done
Event: 2.063 Executing VM operation: HandshakeOneThread
Event: 2.063 Executing VM operation: HandshakeOneThread done
Event: 2.063 Executing VM operation: HandshakeOneThread
Event: 2.063 Executing VM operation: HandshakeOneThread done
Event: 2.063 Executing VM operation: HandshakeOneThread
Event: 2.063 Executing VM operation: HandshakeOneThread done
Event: 2.063 Executing VM operation: HandshakeOneThread
Event: 2.063 Executing VM operation: HandshakeOneThread done
Event: 2.063 Executing VM operation: HandshakeOneThread
Event: 2.063 Executing VM operation: HandshakeOneThread done
Event: 2.063 Executing VM operation: HandshakeOneThread
Event: 2.063 Executing VM operation: HandshakeOneThread done
Event: 2.063 Executing VM operation: HandshakeOneThread
Event: 2.063 Executing VM operation: HandshakeOneThread done
Event: 2.063 Executing VM operation: HandshakeOneThread
Event: 2.063 Executing VM operation: HandshakeOneThread done
Event: 2.063 Executing VM operation: HandshakeOneThread
Event: 2.063 Executing VM operation: HandshakeOneThread done


Dynamic libraries:
0x00007ff6b9090000 - 0x00007ff6b909d000 	C:\Users\lukas\.jdks\adopt-openjdk-14.0.2\bin\java.exe
0x00007ffabb750000 - 0x00007ffabb945000 	C:\Windows\SYSTEM32\ntdll.dll
0x00007ffab9af0000 - 0x00007ffab9bad000 	C:\Windows\System32\KERNEL32.DLL
0x00007ffab8e90000 - 0x00007ffab9158000 	C:\Windows\System32\KERNELBASE.dll
0x00007ffab9190000 - 0x00007ffab9290000 	C:\Windows\System32\ucrtbase.dll
0x00007ffa9f5e0000 - 0x00007ffa9f5f8000 	C:\Users\lukas\.jdks\adopt-openjdk-14.0.2\bin\jli.dll
0x00007ffa9d510000 - 0x00007ffa9d525000 	C:\Users\lukas\.jdks\adopt-openjdk-14.0.2\bin\VCRUNTIME140.dll
0x00007ffab9bb0000 - 0x00007ffab9d50000 	C:\Windows\System32\USER32.dll
0x00007ffaa3360000 - 0x00007ffaa35fa000 	C:\Windows\WinSxS\amd64_microsoft.windows.common-controls_6595b64144ccf1df_6.0.19041.844_none_ca00b6081b84eb1d\COMCTL32.dll
0x00007ffab9340000 - 0x00007ffab9362000 	C:\Windows\System32\win32u.dll
0x00007ffab99b0000 - 0x00007ffab99da000 	C:\Windows\System32\GDI32.dll
0x00007ffab97b0000 - 0x00007ffab984e000 	C:\Windows\System32\msvcrt.dll
0x00007ffab9370000 - 0x00007ffab947b000 	C:\Windows\System32\gdi32full.dll
0x00007ffab9660000 - 0x00007ffab96fd000 	C:\Windows\System32\msvcp_win.dll
0x00007ffab9db0000 - 0x00007ffab9de0000 	C:\Windows\System32\IMM32.DLL
0x00007ffa84310000 - 0x00007ffa843ab000 	C:\Users\lukas\.jdks\adopt-openjdk-14.0.2\bin\msvcp140.dll
0x00007ffa500d0000 - 0x00007ffa50c64000 	C:\Users\lukas\.jdks\adopt-openjdk-14.0.2\bin\server\jvm.dll
0x00007ffab9a40000 - 0x00007ffab9aec000 	C:\Windows\System32\ADVAPI32.dll
0x00007ffabb0c0000 - 0x00007ffabb15b000 	C:\Windows\System32\sechost.dll
0x00007ffabb160000 - 0x00007ffabb28b000 	C:\Windows\System32\RPCRT4.dll
0x00007ffab9f10000 - 0x00007ffab9f18000 	C:\Windows\System32\PSAPI.DLL
0x00007ffaaedd0000 - 0x00007ffaaedf7000 	C:\Windows\SYSTEM32\WINMM.dll
0x00007ffaaee00000 - 0x00007ffaaee0a000 	C:\Windows\SYSTEM32\VERSION.dll
0x00007ffab2b50000 - 0x00007ffab2b59000 	C:\Windows\SYSTEM32\WSOCK32.dll
0x00007ffabb290000 - 0x00007ffabb2fb000 	C:\Windows\System32\WS2_32.dll
0x00007ffab7780000 - 0x00007ffab7792000 	C:\Windows\SYSTEM32\kernel.appcore.dll
0x00007ffaaab00000 - 0x00007ffaaab0a000 	C:\Users\lukas\.jdks\adopt-openjdk-14.0.2\bin\jimage.dll
0x00007ffab6c60000 - 0x00007ffab6e44000 	C:\Windows\SYSTEM32\DBGHELP.DLL
0x00007ffab63e0000 - 0x00007ffab640c000 	C:\Windows\SYSTEM32\dbgcore.DLL
0x00007ffab95e0000 - 0x00007ffab9660000 	C:\Windows\System32\bcryptPrimitives.dll
0x00007ffa90530000 - 0x00007ffa90555000 	C:\Users\lukas\.jdks\adopt-openjdk-14.0.2\bin\java.dll
0x00007ffa9b9d0000 - 0x00007ffa9b9e6000 	C:\Users\lukas\.jdks\adopt-openjdk-14.0.2\bin\zip.dll
0x00007ffaba4b0000 - 0x00007ffababf2000 	C:\Windows\System32\SHELL32.dll
0x00007ffab6e50000 - 0x00007ffab75e1000 	C:\Windows\SYSTEM32\windows.storage.dll
0x00007ffabace0000 - 0x00007ffabb035000 	C:\Windows\System32\combase.dll
0x00007ffab8890000 - 0x00007ffab88bc000 	C:\Windows\SYSTEM32\Wldp.dll
0x00007ffab9900000 - 0x00007ffab99ae000 	C:\Windows\System32\SHCORE.dll
0x00007ffabb3d0000 - 0x00007ffabb425000 	C:\Windows\System32\shlwapi.dll
0x00007ffab8dd0000 - 0x00007ffab8def000 	C:\Windows\SYSTEM32\profapi.dll
0x00007ffa94db0000 - 0x00007ffa94dc9000 	C:\Users\lukas\.jdks\adopt-openjdk-14.0.2\bin\net.dll
0x00007ffaabbc0000 - 0x00007ffaabccb000 	C:\Windows\SYSTEM32\WINHTTP.dll
0x00007ffab8600000 - 0x00007ffab866a000 	C:\Windows\system32\mswsock.dll
0x00007ffa94ab0000 - 0x00007ffa94ac2000 	C:\Users\lukas\.jdks\adopt-openjdk-14.0.2\bin\nio.dll
0x00007ffa81700000 - 0x00007ffa81764000 	C:\Users\lukas\AppData\Local\Temp\lwjgllukas\3.2.3-build-13\lwjgl.dll
0x00007ffa7c610000 - 0x00007ffa7c672000 	C:\Users\lukas\AppData\Local\Temp\lwjgllukas\3.2.3-build-13\glfw.dll
0x00007ffab6410000 - 0x00007ffab64ae000 	C:\Windows\system32\uxtheme.dll
0x00007ffa9f600000 - 0x00007ffa9f645000 	C:\Windows\SYSTEM32\dinput8.dll
0x00007ffa91e80000 - 0x00007ffa91e91000 	C:\Windows\SYSTEM32\xinput1_4.dll
0x00007ffab9290000 - 0x00007ffab92de000 	C:\Windows\System32\cfgmgr32.dll
0x00007ffab8c40000 - 0x00007ffab8c6c000 	C:\Windows\SYSTEM32\DEVOBJ.dll
0x00007ffab68b0000 - 0x00007ffab68df000 	C:\Windows\SYSTEM32\dwmapi.dll
0x00007ffaaab80000 - 0x00007ffaaacd2000 	C:\Windows\SYSTEM32\inputhost.dll
0x00007ffabb300000 - 0x00007ffabb3cd000 	C:\Windows\System32\OLEAUT32.dll
0x00007ffab6010000 - 0x00007ffab6102000 	C:\Windows\SYSTEM32\CoreMessaging.dll
0x00007ffab45f0000 - 0x00007ffab46e7000 	C:\Windows\SYSTEM32\PROPSYS.dll
0x00007ffab55e0000 - 0x00007ffab5734000 	C:\Windows\SYSTEM32\wintypes.dll
0x00007ffab5cb0000 - 0x00007ffab600e000 	C:\Windows\SYSTEM32\CoreUIComponents.dll
0x00007ffab7bd0000 - 0x00007ffab7c03000 	C:\Windows\SYSTEM32\ntmarta.dll
0x00007ffabb5f0000 - 0x00007ffabb705000 	C:\Windows\System32\MSCTF.dll
0x00007ffab7750000 - 0x00007ffab775d000 	C:\Windows\SYSTEM32\HID.DLL
0x00007ffab9fb0000 - 0x00007ffaba419000 	C:\Windows\System32\SETUPAPI.DLL
0x00007ffab9160000 - 0x00007ffab9187000 	C:\Windows\System32\bcrypt.dll
0x00007ffab92e0000 - 0x00007ffab9340000 	C:\Windows\System32\WINTRUST.dll
0x00007ffab9480000 - 0x00007ffab95df000 	C:\Windows\System32\CRYPT32.dll
0x00007ffab8a80000 - 0x00007ffab8a92000 	C:\Windows\SYSTEM32\MSASN1.dll
0x00007ffaac160000 - 0x00007ffaac286000 	C:\Windows\SYSTEM32\opengl32.dll
0x00007ffaaa080000 - 0x00007ffaaa0ac000 	C:\Windows\SYSTEM32\GLU32.dll
0x00007ffab9850000 - 0x00007ffab98f9000 	C:\Windows\System32\clbcatq.dll
0x00007ffa8d910000 - 0x00007ffa8d93a000 	C:\Windows\System32\DriverStore\FileRepository\u0361132.inf_amd64_4863ccf4c1b997c9\B361196\atig6pxx.dll
0x00007ffa426b0000 - 0x00007ffa45484000 	C:\Windows\System32\DriverStore\FileRepository\u0361132.inf_amd64_4863ccf4c1b997c9\B361196\atio6axx.dll
0x00007ffab9de0000 - 0x00007ffab9f0a000 	C:\Windows\System32\ole32.dll
0x00007ffab1aa0000 - 0x00007ffab1ac4000 	C:\Windows\SYSTEM32\dxva2.dll
0x00007ffa842d0000 - 0x00007ffa8430c000 	C:\Windows\System32\DriverStore\FileRepository\u0361132.inf_amd64_4863ccf4c1b997c9\B361196\atig6txx.dll
0x00007ffab2870000 - 0x00007ffab2a2f000 	C:\Windows\SYSTEM32\atiadlxx.dll
0x00007ffaa2770000 - 0x00007ffaa27c4000 	C:\Windows\SYSTEM32\pdh.dll
0x00007ffaaeb80000 - 0x00007ffaaebbb000 	C:\Windows\SYSTEM32\dxcore.dll
0x00007ffaac970000 - 0x00007ffaaca69000 	C:\Windows\SYSTEM32\textinputframework.dll
0x00007ffa7df80000 - 0x00007ffa7dfd9000 	C:\Users\lukas\AppData\Local\Temp\lwjgllukas\3.2.3-build-13\lwjgl_opengl.dll
0x00007ffaaaa80000 - 0x00007ffaaaa90000 	C:\Users\lukas\.jdks\adopt-openjdk-14.0.2\bin\verify.dll

dbghelp: loaded successfully - version: 4.0.5 - missing functions: none
symbol engine: initialized successfully - sym options: 0x614 - pdb path: .;C:\Users\lukas\.jdks\adopt-openjdk-14.0.2\bin;C:\Windows\SYSTEM32;C:\Windows\WinSxS\amd64_microsoft.windows.common-controls_6595b64144ccf1df_6.0.19041.844_none_ca00b6081b84eb1d;C:\Users\lukas\.jdks\adopt-openjdk-14.0.2\bin\server;C:\Users\lukas\AppData\Local\Temp\lwjgllukas\3.2.3-build-13;C:\Windows\System32\DriverStore\FileRepository\u0361132.inf_amd64_4863ccf4c1b997c9\B361196

VM Arguments:
jvm_args: -Dfile.encoding=windows-1250 -Duser.country=CZ -Duser.language=cs -Duser.variant 
java_command: educanet.Main
java_class_path (initial): C:\Users\lukas\Desktop\School\GDV\MatrixTranslation\build\classes\java\main;C:\Users\lukas\Desktop\School\GDV\MatrixTranslation\build\resources\main;C:\Users\lukas\.gradle\caches\modules-2\files-2.1\org.lwjgl\lwjgl-assimp\3.2.3\f62aa07a20afbdd3097efc296c4841e0d29700eb\lwjgl-assimp-3.2.3.jar;C:\Users\lukas\.gradle\caches\modules-2\files-2.1\org.lwjgl\lwjgl-assimp\3.2.3\4e60aeb75f0343c4a9ede4ef8b6b32ca702a00a3\lwjgl-assimp-3.2.3-natives-windows.jar;C:\Users\lukas\.gradle\caches\modules-2\files-2.1\org.lwjgl\lwjgl-glfw\3.2.3\5e520d5c290c8b012545a8d34fa5db5ab051ea53\lwjgl-glfw-3.2.3.jar;C:\Users\lukas\.gradle\caches\modules-2\files-2.1\org.lwjgl\lwjgl-glfw\3.2.3\b4d8a3477cdc2edcf7a5f1e822926be846223f54\lwjgl-glfw-3.2.3-natives-windows.jar;C:\Users\lukas\.gradle\caches\modules-2\files-2.1\org.lwjgl\lwjgl-openal\3.2.3\106742e805803ab9eab8e343f0fb31a3d263903c\lwjgl-openal-3.2.3.jar;C:\Users\lukas\.gradle\caches\modules-2\files-2.1\org.lwjgl\lwjgl-openal\3.2.3\ec898e8ce11b5886f4f532a1536283ef2817758d\lwjgl-openal-3.2.3-natives-windows.jar;C:\Users\lukas\.gradle\caches\modules-2\files-2.1\org.lwjgl\lwjgl-opengl\3.2.3\bdd534a323d0c8f54969b95e424b6ac8984f7d6e\lwjgl-opengl-3.2.3.jar;C:\Users\lukas\.gradle\caches\modules-2\files-2.1\org.lwjgl\lwjgl-opengl\3.2.3\e81cfc73ec8708e5e791ed770e4ec3edfc1bbab1\lwjgl-opengl-3.2.3-natives-windows.jar;C:\Users\lukas\.gradle\caches\modules-2\files-2.1\org.lwjgl\lwjgl-stb\3.2.3\40eccaa4fa86fc815f2e17946a392fb5fdcc286a\lwjgl-stb-3.2.3.jar;C:\Users\lukas\.gradle\caches\modules-2\files-2.1\org.lwjgl\lwjgl-stb\3.2.3\817b21ec286f0ba3dcedb56a3bd275e6a9345be9\lwjgl-stb-3.2.3-natives-windows.jar;C:\Users\lukas\.gradle\caches\modules-2\files-2.1\org.lwjgl\lwjgl\3.2.3\17a59ba0fe8d474ec9dbe0d5db40d2cfe59c4c08\lwjgl-3.2.3.jar;C:\Users\lukas\.gradle\caches\modules-2\files-2.1\org.lwjgl\lwjgl\3.2.3\27f32cd35349684745951e04388e8e00d681cdcd\lwjgl-3.2.3-natives-windows.jar;C:\Users\lukas\.gradle\caches\modules-2\files-2.1\org.joml
Launcher Type: SUN_STANDARD

[Global flags]
     intx CICompilerCount                          = 4                                         {product} {ergonomic}
     uint ConcGCThreads                            = 3                                         {product} {ergonomic}
     uint G1ConcRefinementThreads                  = 10                                        {product} {ergonomic}
   size_t G1HeapRegionSize                         = 1048576                                   {product} {ergonomic}
    uintx GCDrainStackTargetSize                   = 64                                        {product} {ergonomic}
   size_t InitialHeapSize                          = 268435456                                 {product} {ergonomic}
   size_t MarkStackSize                            = 4194304                                   {product} {ergonomic}
   size_t MaxHeapSize                              = 4278190080                                {product} {ergonomic}
   size_t MaxNewSize                               = 2566914048                                {product} {ergonomic}
   size_t MinHeapDeltaBytes                        = 1048576                                   {product} {ergonomic}
   size_t MinHeapSize                              = 8388608                                   {product} {ergonomic}
    uintx NonNMethodCodeHeapSize                   = 5839372                                {pd product} {ergonomic}
    uintx NonProfiledCodeHeapSize                  = 122909434                              {pd product} {ergonomic}
    uintx ProfiledCodeHeapSize                     = 122909434                              {pd product} {ergonomic}
    uintx ReservedCodeCacheSize                    = 251658240                              {pd product} {ergonomic}
     bool SegmentedCodeCache                       = true                                      {product} {ergonomic}
   size_t SoftMaxHeapSize                          = 4278190080                             {manageable} {ergonomic}
     bool UseCompressedClassPointers               = true                                 {lp64_product} {ergonomic}
     bool UseCompressedOops                        = true                                 {lp64_product} {ergonomic}
     bool UseG1GC                                  = true                                      {product} {ergonomic}
     bool UseLargePagesIndividualAllocation        = false                                  {pd product} {ergonomic}

Logging:
Log output configuration:
 #0: stdout all=warning uptime,level,tags
 #1: stderr all=off uptime,level,tags

Environment Variables:
PATH=C:\Program Files (x86)\Razer Chroma SDK\bin;C:\Program Files\Razer Chroma SDK\bin;C:\Windows\system32;C:\Windows;C:\Windows\System32\Wbem;C:\Windows\System32\WindowsPowerShell\v1.0\;C:\Windows\System32\OpenSSH\;C:\Users\lukas\AppData\Local\Microsoft\WindowsApps;C:\Program Files\Git\cmd;C:\Program Files\nodejs\;C:\Users\lukas\AppData\Local\Microsoft\WindowsApps;C:\Users\lukas\AppData\Roaming\npm
USERNAME=lukas
OS=Windows_NT
PROCESSOR_IDENTIFIER=AMD64 Family 23 Model 113 Stepping 0, AuthenticAMD



---------------  S Y S T E M  ---------------

OS: Windows 10 , 64 bit Build 19041 (10.0.19041.928)
OS uptime: 13 days 1:19 hours

CPU:total 12 (initial active 12) (12 cores per cpu, 2 threads per core) family 23 model 113 stepping 0, cmov, cx8, fxsr, mmx, sse, sse2, sse3, ssse3, sse4.1, sse4.2, popcnt, avx, avx2, aes, clmul, mmxext, 3dnowpref, lzcnt, sse4a, ht, tsc, tscinvbit, tscinv, bmi1, bmi2, adx, sha, fma

Memory: 4k page, system-wide physical 16314M (6804M free)
TotalPageFile size 23482M (AvailPageFile size 3897M)
current process WorkingSet (physical memory assigned to process): 103M, peak: 110M
current process commit charge ("private bytes"): 435M, peak: 444M

vm_info: OpenJDK 64-Bit Server VM (14.0.2+12) for windows-amd64 JRE (14.0.2+12), built on Jul 15 2020 11:30:16 by "" with MS VC++ 15.9 (VS2017)

END.
